<?xml version="1.0" encoding="UTF-8"?>
<!-- Generated by org.testng.reporters.JUnitReportReporter -->
<testsuite hostname="vvandrangi" failures="0" tests="3" name="RestAssured.PracticeRestAssured.dataDriven" time="0.381" errors="0" timestamp="2022-11-19T15:58:27 IST" skipped="0">
  <testcase classname="RestAssured.PracticeRestAssured.dataDriven" name="f" time="0.005"/>
  <system-out/>
  <testcase classname="RestAssured.PracticeRestAssured.dataDriven" name="f" time="0.013"/>
  <system-out/>
  <testcase classname="RestAssured.PracticeRestAssured.dataDriven" name="f" time="0.363"/>
  <system-out/>
</testsuite> <!-- RestAssured.PracticeRestAssured.dataDriven -->
