<?xml version="1.0" encoding="UTF-8"?>
<!-- Generated by org.testng.reporters.JUnitReportReporter -->
<testsuite hostname="vvandrangi" failures="0" tests="1" name="RestAssured.PracticeRestAssured.testApi" time="3.893" errors="0" timestamp="2022-11-09T16:20:39 IST" skipped="0">
  <testcase classname="RestAssured.PracticeRestAssured.testApi" name="apitest" time="3.893"/>
  <system-out/>
</testsuite> <!-- RestAssured.PracticeRestAssured.testApi -->
