<?xml version="1.0" encoding="UTF-8"?>
<!-- Generated by org.testng.reporters.JUnitReportReporter -->
<testsuite hostname="vvandrangi" failures="0" tests="1" name="RestAssured.PracticeRestAssured.Test1_BasicFeatures" time="2.751" errors="0" timestamp="2022-11-04T17:24:20 IST" skipped="0">
  <testcase classname="RestAssured.PracticeRestAssured.Test1_BasicFeatures" name="testdetailedCookies" time="2.751"/>
  <system-out/>
</testsuite> <!-- RestAssured.PracticeRestAssured.Test1_BasicFeatures -->
