<?xml version="1.0" encoding="UTF-8"?>
<!-- Generated by org.testng.reporters.JUnitReportReporter -->
<testsuite hostname="DESKTOP-UKIHLRL" failures="0" tests="2" name="APIAutomationRestAssured.ApiRestAssured.Test01_Get" time="46.274" errors="0" timestamp="2021-04-10T13:15:23 IST" skipped="0">
  <testcase classname="APIAutomationRestAssured.ApiRestAssured.Test01_Get" name="test" time="45.036"/>
  <system-out/>
  <testcase classname="APIAutomationRestAssured.ApiRestAssured.Test01_Get" name="test1" time="1.238"/>
  <system-out/>
</testsuite> <!-- APIAutomationRestAssured.ApiRestAssured.Test01_Get -->
