<?xml version="1.0" encoding="UTF-8"?>
<!-- Generated by org.testng.reporters.JUnitReportReporter -->
<testsuite hostname="DESKTOP-UKIHLRL" failures="0" tests="2" name="APIAutomationRestAssured.ApiRestAssured.PetTests" time="0.015" errors="1" timestamp="2021-04-09T18:42:38 IST" skipped="1">
  <testcase classname="APIAutomationRestAssured.ApiRestAssured.PetTests" name="addNewPet" time="0.000">
    <skipped/>
  </testcase> <!-- addNewPet -->
  <system-out/>
  <testcase classname="APIAutomationRestAssured.ApiRestAssured.PetTests" name="beforeClass" time="0.015">
    <error message="Unresolved compilation problems: 
	The import io cannot be resolved
	The import io cannot be resolved
	The import io cannot be resolved
	The import io cannot be resolved
	The import io cannot be resolved
	The import org.hamcrest cannot be resolved
	RequestSpecification cannot be resolved to a type
	RequestSpecBuilder cannot be resolved to a type
	RequestSpecBuilder cannot be resolved to a type
	ContentType cannot be resolved to a variable
	LogDetail cannot be resolved to a variable
	RequestSpecification cannot be resolved to a type
	RequestSpecification cannot be resolved to a type
	RequestSpecification cannot be resolved to a type
	RequestSpecification cannot be resolved to a type
	RequestSpecification cannot be resolved to a type
	The method containsString(String) is undefined for the type PetsController
	RequestSpecification cannot be resolved to a type
	RequestSpecification cannot be resolved to a type
" type="java.lang.Error">
      <![CDATA[java.lang.Error: Unresolved compilation problems: 
The import io cannot be resolved
The import io cannot be resolved
The import io cannot be resolved
The import io cannot be resolved
The import io cannot be resolved
The import org.hamcrest cannot be resolved
RequestSpecification cannot be resolved to a type
RequestSpecBuilder cannot be resolved to a type
RequestSpecBuilder cannot be resolved to a type
ContentType cannot be resolved to a variable
LogDetail cannot be resolved to a variable
RequestSpecification cannot be resolved to a type
RequestSpecification cannot be resolved to a type
RequestSpecification cannot be resolved to a type
RequestSpecification cannot be resolved to a type
RequestSpecification cannot be resolved to a type
The method containsString(String) is undefined for the type PetsController
RequestSpecification cannot be resolved to a type
RequestSpecification cannot be resolved to a type

at com.petstore.controllers.PetsController.<init>(PetsController.java:5)
at APIAutomationRestAssured.ApiRestAssured.PetTests.beforeClass(PetTests.java:36)
at java.base/jdk.internal.reflect.NativeMethodAccessorImpl.invoke0(Native Method)
at java.base/jdk.internal.reflect.NativeMethodAccessorImpl.invoke(NativeMethodAccessorImpl.java:62)
at java.base/jdk.internal.reflect.DelegatingMethodAccessorImpl.invoke(DelegatingMethodAccessorImpl.java:43)
at java.base/java.lang.reflect.Method.invoke(Method.java:566)
at org.testng.internal.MethodInvocationHelper.invokeMethod(MethodInvocationHelper.java:132)
at org.testng.internal.MethodInvocationHelper.invokeMethodConsideringTimeout(MethodInvocationHelper.java:61)
at org.testng.internal.ConfigInvoker.invokeConfigurationMethod(ConfigInvoker.java:366)
at org.testng.internal.ConfigInvoker.invokeConfigurations(ConfigInvoker.java:320)
at org.testng.internal.TestMethodWorker.invokeBeforeClassMethods(TestMethodWorker.java:176)
at org.testng.internal.TestMethodWorker.run(TestMethodWorker.java:122)
at java.base/java.util.ArrayList.forEach(ArrayList.java:1541)
at org.testng.TestRunner.privateRun(TestRunner.java:764)
at org.testng.TestRunner.run(TestRunner.java:585)
at org.testng.SuiteRunner.runTest(SuiteRunner.java:384)
at org.testng.SuiteRunner.runSequentially(SuiteRunner.java:378)
at org.testng.SuiteRunner.privateRun(SuiteRunner.java:337)
at org.testng.SuiteRunner.run(SuiteRunner.java:286)
at org.testng.SuiteRunnerWorker.runSuite(SuiteRunnerWorker.java:53)
at org.testng.SuiteRunnerWorker.run(SuiteRunnerWorker.java:96)
at org.testng.TestNG.runSuitesSequentially(TestNG.java:1218)
at org.testng.TestNG.runSuitesLocally(TestNG.java:1140)
at org.testng.TestNG.runSuites(TestNG.java:1069)
at org.testng.TestNG.run(TestNG.java:1037)
at org.testng.remote.AbstractRemoteTestNG.run(AbstractRemoteTestNG.java:115)
at org.testng.remote.RemoteTestNG.initAndRun(RemoteTestNG.java:251)
at org.testng.remote.RemoteTestNG.main(RemoteTestNG.java:77)
]]>
    </error>
  </testcase> <!-- beforeClass -->
  <system-out/>
</testsuite> <!-- APIAutomationRestAssured.ApiRestAssured.PetTests -->
