<?xml version="1.0" encoding="UTF-8"?>
<!-- Generated by org.testng.reporters.JUnitReportReporter -->
<testsuite hostname="DESKTOP-UKIHLRL" failures="0" tests="1" name="APIAutomationRestAssured.ApiRestAssured.Test03_Put" time="4.866" errors="0" timestamp="2021-04-10T17:21:52 IST" skipped="0">
  <testcase classname="APIAutomationRestAssured.ApiRestAssured.Test03_Put" name="test2" time="4.866"/>
  <system-out/>
</testsuite> <!-- APIAutomationRestAssured.ApiRestAssured.Test03_Put -->
