<?xml version="1.0" encoding="UTF-8"?>
<!-- Generated by org.testng.reporters.JUnitReportReporter -->
<testsuite hostname="DESKTOP-UKIHLRL" failures="0" tests="1" name="APIAutomationRestAssured.ApiRestAssured.TestClass" time="0.021" errors="0" timestamp="2021-02-09T14:45:15 IST" skipped="0">
  <testcase classname="APIAutomationRestAssured.ApiRestAssured.TestClass" name="f" time="0.021"/>
  <system-out/>
</testsuite> <!-- APIAutomationRestAssured.ApiRestAssured.TestClass -->
